

============ Tree Structure ==============

<PetalLengthCm>
    [5.7, 2.14748e+09]: Iris-virginica (19)
    [5.1, 5.7]:
        <SepalLengthCm>
            [6.4, 6.8]: Iris-virginica (8)
            [6.2, 6.4]: Iris-virginica (6)
            [6.9, 2.14748e+09]: Iris-virginica (2)
            [5.5, 5.8]: Iris-virginica (0)
            [5.8, 6.1]:
                <PetalWidthCm>
                    [2.2, 2.14748e+09]: Iris-virginica (1)
                    [1.8, 2.1]: Iris-virginica (1)
                    [1.1, 1.3]: Iris-virginica (0)
                    [1.3, 1.5]: Iris-virginica (1)
                    [0.3, 1]: Iris-virginica (0)
                    [-2.14748e+09, 0.2]: Iris-virginica (0)
                    [1.5, 1.8]: Iris-versicolor (1)
                    [0.2, 0.3]: Iris-virginica (0)
            [4.9, 5.1]: Iris-virginica (0)
            [-2.14748e+09, 4.9]: Iris-virginica (0)
            [5.1, 5.5]: Iris-virginica (0)
    [3.8, 4.4]: Iris-versicolor (20)
    [4.8, 5.1]:
        <SepalWidthCm>
            [2.6, 2.8]:
                <SepalLengthCm>
                    [6.4, 6.8]: Iris-versicolor (1)
                    [6.2, 6.4]: Iris-virginica (1)
                    [6.9, 2.14748e+09]: Iris-virginica (0)
                    [5.5, 5.8]: Iris-virginica (2)
                    [5.8, 6.1]: Iris-virginica (1)
                    [4.9, 5.1]: Iris-virginica (0)
                    [-2.14748e+09, 4.9]: Iris-virginica (0)
                    [5.1, 5.5]: Iris-virginica (0)
            [3, 3]: Iris-virginica (2)
            [2.8, 2.9]: Iris-virginica (2)
            [-2.14748e+09, 2.5]:
                <SepalLengthCm>
                    [6.4, 6.8]: Iris-virginica (0)
                    [6.2, 6.4]:
                        <PetalWidthCm>
                            [2.2, 2.14748e+09]: Iris-versicolor (0)
                            [1.8, 2.1]: Iris-virginica (1)
                            [1.1, 1.3]: Iris-versicolor (0)
                            [1.3, 1.5]: Iris-versicolor (1)
                            [0.3, 1]: Iris-versicolor (0)
                            [-2.14748e+09, 0.2]: Iris-versicolor (0)
                            [1.5, 1.8]: Iris-versicolor (0)
                            [0.2, 0.3]: Iris-versicolor (0)
                    [6.9, 2.14748e+09]: Iris-virginica (0)
                    [5.5, 5.8]: Iris-virginica (1)
                    [5.8, 6.1]: Iris-virginica (1)
                    [4.9, 5.1]: Iris-virginica (0)
                    [-2.14748e+09, 4.9]: Iris-virginica (0)
                    [5.1, 5.5]: Iris-virginica (0)
            [3.6, 2.14748e+09]: Iris-virginica (0)
            [3, 3.1]: Iris-versicolor (2)
            [3.2, 3.3]: Iris-versicolor (1)
            [3.4, 3.6]: Iris-virginica (0)
    [4.4, 4.7]:
        <SepalLengthCm>
            [6.4, 6.8]: Iris-versicolor (3)
            [6.2, 6.4]: Iris-versicolor (4)
            [6.9, 2.14748e+09]: Iris-versicolor (1)
            [5.5, 5.8]: Iris-versicolor (2)
            [5.8, 6.1]: Iris-versicolor (5)
            [4.9, 5.1]: Iris-versicolor (0)
            [-2.14748e+09, 4.9]: Iris-virginica (1)
            [5.1, 5.5]: Iris-versicolor (2)
    [1.6, 3.7]:
        <SepalWidthCm>
            [2.6, 2.8]: Iris-versicolor (1)
            [3, 3]: Iris-setosa (0)
            [2.8, 2.9]: Iris-versicolor (1)
            [-2.14748e+09, 2.5]: Iris-versicolor (5)
            [3.6, 2.14748e+09]: Iris-setosa (3)
            [3, 3.1]: Iris-setosa (2)
            [3.2, 3.3]: Iris-setosa (2)
            [3.4, 3.6]: Iris-setosa (3)
    [1.4, 1.6]: Iris-setosa (20)
    [-2.14748e+09, 1.4]: Iris-setosa (20)


============= Predicitions ==============

Iris-setosa
Iris-setosa
Iris-setosa
Iris-setosa
Iris-setosa
Iris-setosa
Iris-setosa
Iris-setosa
Iris-setosa
Iris-setosa
Iris-setosa
Iris-setosa
Iris-setosa
Iris-setosa
Iris-setosa
Iris-setosa
Iris-setosa
Iris-setosa
Iris-setosa
Iris-setosa
Iris-setosa
Iris-setosa
Iris-setosa
Iris-setosa
Iris-setosa
Iris-setosa
Iris-setosa
Iris-setosa
Iris-setosa
Iris-setosa
Iris-setosa
Iris-setosa
Iris-setosa
Iris-setosa
Iris-setosa
Iris-setosa
Iris-setosa
Iris-setosa
Iris-setosa
Iris-setosa
Iris-setosa
Iris-setosa
Iris-setosa
Iris-setosa
Iris-setosa
Iris-setosa
Iris-setosa
Iris-setosa
Iris-setosa
Iris-setosa
Iris-versicolor
Iris-versicolor
Iris-versicolor
Iris-versicolor
Iris-versicolor
Iris-versicolor
Iris-versicolor
Iris-versicolor
Iris-versicolor
Iris-versicolor
Iris-versicolor
Iris-versicolor
Iris-versicolor
Iris-versicolor
Iris-versicolor
Iris-versicolor
Iris-versicolor
Iris-versicolor
Iris-versicolor
Iris-versicolor
Iris-versicolor
Iris-versicolor
Iris-versicolor
Iris-versicolor
Iris-versicolor
Iris-versicolor
Iris-virginica
Iris-versicolor
Iris-versicolor
Iris-versicolor
Iris-versicolor
Iris-versicolor
Iris-versicolor
Iris-virginica
Iris-versicolor
Iris-versicolor
Iris-versicolor
Iris-versicolor
Iris-versicolor
Iris-versicolor
Iris-versicolor
Iris-versicolor
Iris-versicolor
Iris-versicolor
Iris-versicolor
Iris-versicolor
Iris-versicolor
Iris-versicolor
Iris-versicolor
Iris-versicolor
Iris-virginica
Iris-virginica
Iris-virginica
Iris-virginica
Iris-virginica
Iris-virginica
Iris-virginica
Iris-virginica
Iris-virginica
Iris-virginica
Iris-virginica
Iris-virginica
Iris-virginica
Iris-virginica
Iris-virginica
Iris-virginica
Iris-virginica
Iris-virginica
Iris-virginica
Iris-virginica
Iris-virginica
Iris-virginica
Iris-virginica
Iris-virginica
Iris-virginica
Iris-virginica
Iris-virginica
Iris-versicolor
Iris-virginica
Iris-virginica
Iris-virginica
Iris-virginica
Iris-virginica
Iris-virginica
Iris-virginica
Iris-virginica
Iris-virginica
Iris-virginica
Iris-virginica
Iris-virginica
Iris-virginica
Iris-versicolor
Iris-virginica
Iris-virginica
Iris-virginica
Iris-virginica
Iris-virginica
Iris-virginica
Iris-virginica
Iris-versicolor

=========================================

