

============ Tree Structure ==============

<Weather>
    rainy:
        <Humidity>
            [70.2, 80]: yes (0)
            [-2.14748e+09, 70]: no (1)
            [95, 2.14748e+09]: yes (1)
            [90, 91]: no (1)
            [80, 86]: yes (2)
    overcast: yes (4)
    sunny:
        <Humidity>
            [70.2, 80]: yes (1)
            [-2.14748e+09, 70]: yes (1)
            [95, 2.14748e+09]: no (1)
            [90, 91]: no (1)
            [80, 86]: no (1)


============= Predicitions ==============

no
no
yes
yes
yes
no
yes
no
yes
yes
yes
yes
yes
no

=========================================

